<?xml version="1.0" encoding="UTF-8"?>
<!-- Generated by org.testng.reporters.JUnitXMLReporter -->
<testsuite ignored="0" hostname="SOURAV" failures="0" tests="10" name="Flipkart Test_Linux" time="0.715" errors="0" timestamp="2020-01-09T15:23:20 IST">
  <testcase classname="com.flipkart.qa.testcases.LoginPageTest" name="logInTest" time="0.0">
    <skipped/>
  </testcase> <!-- logInTest -->
  <testcase classname="com.flipkart.qa.testcases.LoginPageTest" name="loginTest" time="0.0">
    <skipped/>
  </testcase> <!-- loginTest -->
  <testcase classname="com.flipkart.qa.testcases.LoginPageTest" name="loginTest" time="0.0">
    <skipped/>
  </testcase> <!-- loginTest -->
  <testcase classname="com.flipkart.qa.testcases.LoginPageTest" name="loginTest" time="0.0">
    <skipped/>
  </testcase> <!-- loginTest -->
  <testcase classname="com.flipkart.qa.testcases.LoginPageTest" name="loginTest" time="0.0">
    <skipped/>
  </testcase> <!-- loginTest -->
  <testcase classname="com.flipkart.qa.testcases.HomePageTest" name="productSearchBarTest" time="0.0">
    <skipped/>
  </testcase> <!-- productSearchBarTest -->
  <testcase classname="com.flipkart.qa.testcases.HomePageTest" name="validatePageTitleTest" time="0.0">
    <skipped/>
  </testcase> <!-- validatePageTitleTest -->
  <testcase classname="com.flipkart.qa.testcases.HomePageTest" name="validateDealsOftheDayTest" time="0.0">
    <skipped/>
  </testcase> <!-- validateDealsOftheDayTest -->
  <testcase classname="com.flipkart.qa.testcases.HomePageTest" name="clickOnCartTest" time="0.0">
    <skipped/>
  </testcase> <!-- clickOnCartTest -->
  <testcase classname="com.flipkart.qa.testcases.HomePageTest" name="validatTopSelection" time="0.0">
    <skipped/>
  </testcase> <!-- validatTopSelection -->
</testsuite> <!-- Flipkart Test_Linux -->
